2023-04-03 01:58:31.617817 - Initialized conversion of CBT688
2023-04-03 01:58:32.239776 - Received CBT.V504.FILE688.PDS from FILE688.XMI 
2023-04-03 01:58:32.242967 - Found $$$#DATE.txt (text/plain) in CBT.V504.FILE688.PDS, moved to PDS/$$$#DATE
2023-04-03 01:58:32.244084 - Found $$$READY.txt (text/plain) in CBT.V504.FILE688.PDS, moved to PDS/$$$READY
2023-04-03 01:58:32.245369 - Found $$CHANGE.txt (text/plain) in CBT.V504.FILE688.PDS, moved to PDS/$$CHANGE
2023-04-03 01:58:32.246728 - Found $$DOC.txt (text/plain) in CBT.V504.FILE688.PDS, moved to PDS/$$DOC
2023-04-03 01:58:32.247821 - Found $$NOTE1.txt (text/plain) in CBT.V504.FILE688.PDS, moved to PDS/$$NOTE1
2023-04-03 01:58:32.248958 - Found @FILE688.txt (text/plain) in CBT.V504.FILE688.PDS, moved to PDS/@FILE688
2023-04-03 01:58:32.250258 - Found ACB.rexx (text/plain) in CBT.V504.FILE688.PDS, moved to PDS/ACB
2023-04-03 01:58:32.251393 - Found ACBLINK.jcl (text/plain) in CBT.V504.FILE688.PDS, moved to PDS/ACBLINK
2023-04-03 01:58:32.252501 - Found ACBLIST.jcl (text/plain) in CBT.V504.FILE688.PDS, moved to PDS/ACBLIST
2023-04-03 01:58:32.253808 - Found ACBLISTO.jcl (text/plain) in CBT.V504.FILE688.PDS, moved to PDS/ACBLISTO
2023-04-03 01:58:32.254903 - Found ACBLISTP.txt (text/plain) in CBT.V504.FILE688.PDS, moved to PDS/ACBLISTP
2023-04-03 01:58:32.256314 - Found ACBLSTRU.jcl (text/plain) in CBT.V504.FILE688.PDS, moved to PDS/ACBLSTRU
2023-04-03 01:58:32.257307 - Found ACBLTODO.txt (text/plain) in CBT.V504.FILE688.PDS, moved to PDS/ACBLTODO
2023-04-03 01:58:32.258298 - Found DBRCINIT.rexx (text/plain) in CBT.V504.FILE688.PDS, moved to PDS/DBRCINIT
2023-04-03 01:58:32.259352 - Found INITCMD.txt (text/plain) in CBT.V504.FILE688.PDS, moved to PDS/INITCMD
2023-04-03 01:58:32.260665 - Found INITDBGN.rexx (text/plain) in CBT.V504.FILE688.PDS, moved to PDS/INITDBGN
2023-04-03 01:58:32.261702 - Found INITNOIC.txt (text/plain) in CBT.V504.FILE688.PDS, moved to PDS/INITNOIC
2023-04-03 01:58:32.262632 - Found INITTODO.txt (text/plain) in CBT.V504.FILE688.PDS, moved to PDS/INITTODO
2023-04-03 01:58:32.265128 - Found INITWIC.txt (text/plain) in CBT.V504.FILE688.PDS, moved to PDS/INITWIC
2023-04-03 01:58:32.266715 - Found ME.rexx (text/plain) in CBT.V504.FILE688.PDS, moved to PDS/ME
2023-04-03 01:58:32.268090 - Found PRINTOU$.txt (text/plain) in CBT.V504.FILE688.PDS, moved to PDS/PRINTOU$
2023-04-03 01:58:32.269231 - Found PRINTOU@.jcl (text/plain) in CBT.V504.FILE688.PDS, moved to PDS/PRINTOU@
2023-04-03 01:58:32.355367 - Found PRINTOUT.xmi (application/xmit) in CBT.V504.FILE688.PDS
2023-04-03 01:58:32.360178   - Received to CBT688/LALTMAN.FILE688
2023-04-03 01:58:32.361308 - Found PUBDOMAI.txt (text/plain) in CBT.V504.FILE688.PDS, moved to PDS/PUBDOMAI
2023-04-03 01:58:32.362556 - Found RCNGNINT.rexx (text/plain) in CBT.V504.FILE688.PDS, moved to PDS/RCNGNINT
2023-04-03 01:58:32.364224 - Found RCNLSTNG.txt (text/plain) in CBT.V504.FILE688.PDS, moved to PDS/RCNLSTNG
2023-04-03 01:58:32.365408 - Found RECONRX0.rexx (text/plain) in CBT.V504.FILE688.PDS, moved to PDS/RECONRX0
2023-04-03 01:58:32.366602 - Found REGSTRDB.jcl (text/plain) in CBT.V504.FILE688.PDS, moved to PDS/REGSTRDB
2023-04-03 01:58:32.367749 - Found RUNBATCH.jcl (text/plain) in CBT.V504.FILE688.PDS, moved to PDS/RUNBATCH
2023-04-03 01:58:32.368992 - Found WHATTODO.txt (text/plain) in CBT.V504.FILE688.PDS, moved to PDS/WHATTODO
